<?xml version="1.0" encoding="UTF-8"?>
<!-- Generated by org.testng.reporters.JUnitXMLReporter -->
<testsuite ignored="0" hostname="DESKTOP-8HBP6N5" failures="0" tests="4" name="Default test" time="18.674" errors="0" timestamp="2022-06-19T14:45:31 EDT">
  <testcase classname="testLayer.LoginTest" name="Title" time="1.233"/>
  <testcase classname="testLayer.LoginTest" name="Login" time="1.357"/>
  <testcase classname="testLayer.LoginTest" name="Login" time="1.356"/>
  <testcase classname="testLayer.LoginTest" name="Login" time="1.509"/>
</testsuite> <!-- Default test -->
