<?xml version="1.0" encoding="UTF-8"?>
<!-- Generated by org.testng.reporters.JUnitXMLReporter -->
<testsuite ignored="0" hostname="DESKTOP-8HBP6N5" failures="0" tests="4" name="TestNG" time="22.592" errors="0" timestamp="2022-06-19T15:07:58 EDT">
  <testcase classname="testLayer.LoginTest" name="Title" time="1.261"/>
  <testcase classname="testLayer.LoginTest" name="Login" time="1.349"/>
  <testcase classname="testLayer.LoginTest" name="Login" time="1.367"/>
  <testcase classname="testLayer.LoginTest" name="Login" time="1.313"/>
</testsuite> <!-- TestNG -->
