<?xml version="1.0" encoding="UTF-8"?>
<testng-results ignored="0" total="4" passed="4" failed="0" skipped="0">
  <reporter-output>
  </reporter-output>
  <suite started-at="2022-06-19T15:07:35 EDT" name="Orange HRM" finished-at="2022-06-19T15:07:58 EDT" duration-ms="22592">
    <groups>
    </groups>
    <test started-at="2022-06-19T15:07:35 EDT" name="TestNG" finished-at="2022-06-19T15:07:58 EDT" duration-ms="22592">
      <class name="testLayer.LoginTest">
        <test-method is-config="true" signature="initsetup()[pri:0, instance:testLayer.LoginTest@6a192cfe]" started-at="2022-06-19T15:07:35 EDT" name="initsetup" finished-at="2022-06-19T15:07:39 EDT" duration-ms="3893" status="PASS">
          <reporter-output>
          </reporter-output>
        </test-method> <!-- initsetup -->
        <test-method signature="Title()[pri:1, instance:testLayer.LoginTest@6a192cfe]" started-at="2022-06-19T15:07:39 EDT" name="Title" finished-at="2022-06-19T15:07:41 EDT" duration-ms="1261" status="PASS">
          <reporter-output>
          </reporter-output>
        </test-method> <!-- Title -->
        <test-method is-config="true" signature="close()[pri:0, instance:testLayer.LoginTest@6a192cfe]" started-at="2022-06-19T15:07:41 EDT" name="close" finished-at="2022-06-19T15:07:41 EDT" duration-ms="78" status="PASS">
          <reporter-output>
          </reporter-output>
        </test-method> <!-- close -->
        <test-method is-config="true" signature="initsetup()[pri:0, instance:testLayer.LoginTest@6a192cfe]" started-at="2022-06-19T15:07:41 EDT" name="initsetup" finished-at="2022-06-19T15:07:44 EDT" duration-ms="3006" status="PASS">
          <reporter-output>
          </reporter-output>
        </test-method> <!-- initsetup -->
        <test-method signature="Login(java.lang.String,java.lang.String)[pri:2, instance:testLayer.LoginTest@6a192cfe]" started-at="2022-06-19T15:07:44 EDT" name="Login" data-provider="Details" finished-at="2022-06-19T15:07:45 EDT" duration-ms="1349" status="PASS">
          <params>
            <param index="0">
              <value>
                <![CDATA[Admin]]>
              </value>
            </param>
            <param index="1">
              <value>
                <![CDATA[admin123]]>
              </value>
            </param>
          </params>
          <reporter-output>
          </reporter-output>
        </test-method> <!-- Login -->
        <test-method is-config="true" signature="close()[pri:0, instance:testLayer.LoginTest@6a192cfe]" started-at="2022-06-19T15:07:45 EDT" name="close" finished-at="2022-06-19T15:07:45 EDT" duration-ms="46" status="PASS">
          <reporter-output>
          </reporter-output>
        </test-method> <!-- close -->
        <test-method is-config="true" signature="initsetup()[pri:0, instance:testLayer.LoginTest@6a192cfe]" started-at="2022-06-19T15:07:45 EDT" name="initsetup" finished-at="2022-06-19T15:07:53 EDT" duration-ms="7141" status="PASS">
          <reporter-output>
          </reporter-output>
        </test-method> <!-- initsetup -->
        <test-method signature="Login(java.lang.String,java.lang.String)[pri:2, instance:testLayer.LoginTest@6a192cfe]" started-at="2022-06-19T15:07:53 EDT" name="Login" data-provider="Details" finished-at="2022-06-19T15:07:54 EDT" duration-ms="1367" status="PASS">
          <params>
            <param index="0">
              <value>
                <![CDATA[Kashyap]]>
              </value>
            </param>
            <param index="1">
              <value>
                <![CDATA[kashyap123]]>
              </value>
            </param>
          </params>
          <reporter-output>
          </reporter-output>
        </test-method> <!-- Login -->
        <test-method is-config="true" signature="close()[pri:0, instance:testLayer.LoginTest@6a192cfe]" started-at="2022-06-19T15:07:54 EDT" name="close" finished-at="2022-06-19T15:07:54 EDT" duration-ms="142" status="PASS">
          <reporter-output>
          </reporter-output>
        </test-method> <!-- close -->
        <test-method is-config="true" signature="initsetup()[pri:0, instance:testLayer.LoginTest@6a192cfe]" started-at="2022-06-19T15:07:54 EDT" name="initsetup" finished-at="2022-06-19T15:07:57 EDT" duration-ms="2505" status="PASS">
          <reporter-output>
          </reporter-output>
        </test-method> <!-- initsetup -->
        <test-method signature="Login(java.lang.String,java.lang.String)[pri:2, instance:testLayer.LoginTest@6a192cfe]" started-at="2022-06-19T15:07:57 EDT" name="Login" data-provider="Details" finished-at="2022-06-19T15:07:58 EDT" duration-ms="1313" status="PASS">
          <params>
            <param index="0">
              <value>
                <![CDATA[Riya]]>
              </value>
            </param>
            <param index="1">
              <value>
                <![CDATA[riya123]]>
              </value>
            </param>
          </params>
          <reporter-output>
          </reporter-output>
        </test-method> <!-- Login -->
        <test-method is-config="true" signature="close()[pri:0, instance:testLayer.LoginTest@6a192cfe]" started-at="2022-06-19T15:07:58 EDT" name="close" finished-at="2022-06-19T15:07:58 EDT" duration-ms="49" status="PASS">
          <reporter-output>
          </reporter-output>
        </test-method> <!-- close -->
      </class> <!-- testLayer.LoginTest -->
    </test> <!-- TestNG -->
  </suite> <!-- Orange HRM -->
</testng-results>
